--------------- Build Started: 07/16/2016 05:38:44 Project: BLE_Proximity, Configuration: ARM GCC 4.9-2015-q1-update Debug ---------------
cydsfit.exe -.appdatapath "C:\Users\sunyi\AppData\Local\Cypress Semiconductor\PSoC Creator\3.3" -.fdsnotice -.fdswarpdepfile=warp_dependencies.txt -.fdselabdepfile=elab_dependencies.txt -.fdsbldfile=generated_files.txt -p C:\Users\sunyi\Desktop\BLE_Proximity\BLE_Proximity.cydsn\BLE_Proximity.cyprj -d CY8C4247LQI-BL483 -s C:\Users\sunyi\Desktop\BLE_Proximity\BLE_Proximity.cydsn\Generated_Source\PSoC4 -- -yv2 -q10 -ygs -o2 -v3 -.fftcfgtype=LE
Elaborating Design...
HDL Generation ...
Synthesis ...
Place and Route ...
Tech mapping ...
Analog Placement ...
Analog Routing ...
Analog Code Generation ...
Digital Placement ...
Digital Routing ...
Bitstream Generation ...
Static timing analysis ...
API Generation ...
Dependency Generation ...
Clean Temporary Files ...
arm-none-eabi-gcc.exe -mcpu=cortex-m0 -mthumb -Wno-main -I. -IGenerated_Source\PSoC4 -Wa,-alh=.\CortexM0\ARM_GCC_493\Debug/main.lst -g -D DEBUG -Wall -ffunction-sections -O0 -ffat-lto-objects -c .\main.c -o .\CortexM0\ARM_GCC_493\Debug\main.o
arm-none-eabi-gcc.exe -mcpu=cortex-m0 -mthumb -Wno-main -I. -IGenerated_Source\PSoC4 -Wa,-alh=.\CortexM0\ARM_GCC_493\Debug/lls.lst -g -D DEBUG -Wall -ffunction-sections -O0 -ffat-lto-objects -c .\lls.c -o .\CortexM0\ARM_GCC_493\Debug\lls.o
arm-none-eabi-gcc.exe -mcpu=cortex-m0 -mthumb -Wno-main -I. -IGenerated_Source\PSoC4 -Wa,-alh=.\CortexM0\ARM_GCC_493\Debug/tps.lst -g -D DEBUG -Wall -ffunction-sections -O0 -ffat-lto-objects -c .\tps.c -o .\CortexM0\ARM_GCC_493\Debug\tps.o
arm-none-eabi-gcc.exe -mcpu=cortex-m0 -mthumb -Wno-main -I. -IGenerated_Source\PSoC4 -Wa,-alh=.\CortexM0\ARM_GCC_493\Debug/debug.lst -g -D DEBUG -Wall -ffunction-sections -O0 -ffat-lto-objects -c .\debug.c -o .\CortexM0\ARM_GCC_493\Debug\debug.o
arm-none-eabi-gcc.exe -mcpu=cortex-m0 -mthumb -Wno-main -I. -IGenerated_Source\PSoC4 -Wa,-alh=.\CortexM0\ARM_GCC_493\Debug/CYBLE.lst -g -D DEBUG -Wall -ffunction-sections -O0 -ffat-lto-objects -c .\Generated_Source\PSoC4\CYBLE.c -o .\CortexM0\ARM_GCC_493\Debug\CYBLE.o
arm-none-eabi-gcc.exe -mcpu=cortex-m0 -mthumb -Wno-main -I. -IGenerated_Source\PSoC4 -Wa,-alh=.\CortexM0\ARM_GCC_493\Debug/CYBLE_gatt.lst -g -D DEBUG -Wall -ffunction-sections -O0 -ffat-lto-objects -c .\Generated_Source\PSoC4\CYBLE_gatt.c -o .\CortexM0\ARM_GCC_493\Debug\CYBLE_gatt.o
arm-none-eabi-gcc.exe -mcpu=cortex-m0 -mthumb -Wno-main -I. -IGenerated_Source\PSoC4 -Wa,-alh=.\CortexM0\ARM_GCC_493\Debug/CYBLE_lls.lst -g -D DEBUG -Wall -ffunction-sections -O0 -ffat-lto-objects -c .\Generated_Source\PSoC4\CYBLE_lls.c -o .\CortexM0\ARM_GCC_493\Debug\CYBLE_lls.o
arm-none-eabi-gcc.exe -mcpu=cortex-m0 -mthumb -Wno-main -I. -IGenerated_Source\PSoC4 -Wa,-alh=.\CortexM0\ARM_GCC_493\Debug/CYBLE_tps.lst -g -D DEBUG -Wall -ffunction-sections -O0 -ffat-lto-objects -c .\Generated_Source\PSoC4\CYBLE_tps.c -o .\CortexM0\ARM_GCC_493\Debug\CYBLE_tps.o
arm-none-eabi-gcc.exe -mcpu=cortex-m0 -mthumb -Wno-main -I. -IGenerated_Source\PSoC4 -Wa,-alh=.\CortexM0\ARM_GCC_493\Debug/CYBLE_eventHandler.lst -g -D DEBUG -Wall -ffunction-sections -O0 -ffat-lto-objects -c .\Generated_Source\PSoC4\CYBLE_eventHandler.c -o .\CortexM0\ARM_GCC_493\Debug\CYBLE_eventHandler.o
arm-none-eabi-gcc.exe -mcpu=cortex-m0 -mthumb -Wno-main -I. -IGenerated_Source\PSoC4 -Wa,-alh=.\CortexM0\ARM_GCC_493\Debug/CYBLE_HAL_INT.lst -g -D DEBUG -Wall -ffunction-sections -O0 -ffat-lto-objects -c .\Generated_Source\PSoC4\CYBLE_HAL_INT.c -o .\CortexM0\ARM_GCC_493\Debug\CYBLE_HAL_INT.o
arm-none-eabi-gcc.exe -mcpu=cortex-m0 -mthumb -Wno-main -I. -IGenerated_Source\PSoC4 -Wa,-alh=.\CortexM0\ARM_GCC_493\Debug/CYBLE_HAL_PVT.lst -g -D DEBUG -Wall -ffunction-sections -O0 -ffat-lto-objects -c .\Generated_Source\PSoC4\CYBLE_HAL_PVT.c -o .\CortexM0\ARM_GCC_493\Debug\CYBLE_HAL_PVT.o
arm-none-eabi-ar.exe -rs .\CortexM0\ARM_GCC_493\Debug\BLE_Proximity.a .\CortexM0\ARM_GCC_493\Debug\cyfitter_cfg.o .\CortexM0\ARM_GCC_493\Debug\UART_DEB.o .\CortexM0\ARM_GCC_493\Debug\UART_DEB_SPI_UART.o .\CortexM0\ARM_GCC_493\Debug\UART_DEB_SPI_UART_INT.o .\CortexM0\ARM_GCC_493\Debug\UART_DEB_PM.o .\CortexM0\ARM_GCC_493\Debug\UART_DEB_UART.o .\CortexM0\ARM_GCC_493\Debug\UART_DEB_BOOT.o .\CortexM0\ARM_GCC_493\Debug\UART_DEB_UART_BOOT.o .\CortexM0\ARM_GCC_493\Debug\Disconnect_LED.o .\CortexM0\ARM_GCC_493\Debug\Disconnect_LED_PM.o .\CortexM0\ARM_GCC_493\Debug\Alert_LED.o .\CortexM0\ARM_GCC_493\Debug\Alert_LED_PM.o .\CortexM0\ARM_GCC_493\Debug\CYBLE.o .\CortexM0\ARM_GCC_493\Debug\CYBLE_gatt.o .\CortexM0\ARM_GCC_493\Debug\CYBLE_lls.o .\CortexM0\ARM_GCC_493\Debug\CYBLE_tps.o .\CortexM0\ARM_GCC_493\Debug\CYBLE_eventHandler.o .\CortexM0\ARM_GCC_493\Debug\CYBLE_HAL_INT.o .\CortexM0\ARM_GCC_493\Debug\CYBLE_HAL_PVT.o .\CortexM0\ARM_GCC_493\Debug\Advertising_LED.o .\CortexM0\ARM_GCC_493\Debug\Advertising_LED_PM.o .\CortexM0\ARM_GCC_493\Debug\SW2_Interrupt.o .\CortexM0\ARM_GCC_493\Debug\SW2.o .\CortexM0\ARM_GCC_493\Debug\SW2_PM.o .\CortexM0\ARM_GCC_493\Debug\WDT_Interrupt.o .\CortexM0\ARM_GCC_493\Debug\UART_DEB_SCBCLK.o .\CortexM0\ARM_GCC_493\Debug\UART_DEB_tx.o .\CortexM0\ARM_GCC_493\Debug\UART_DEB_tx_PM.o .\CortexM0\ARM_GCC_493\Debug\UART_DEB_rx.o .\CortexM0\ARM_GCC_493\Debug\UART_DEB_rx_PM.o .\CortexM0\ARM_GCC_493\Debug\CYBLE_bless_isr.o .\CortexM0\ARM_GCC_493\Debug\CyBootAsmGnu.o .\CortexM0\ARM_GCC_493\Debug\CyFlash.o .\CortexM0\ARM_GCC_493\Debug\CyLib.o .\CortexM0\ARM_GCC_493\Debug\cyPm.o .\CortexM0\ARM_GCC_493\Debug\cyutils.o .\CortexM0\ARM_GCC_493\Debug\CyLFClk.o
arm-none-eabi-ar.exe: creating .\CortexM0\ARM_GCC_493\Debug\BLE_Proximity.a
arm-none-eabi-gcc.exe -Wl,--start-group -o .\CortexM0\ARM_GCC_493\Debug\BLE_Proximity.elf .\CortexM0\ARM_GCC_493\Debug\main.o .\CortexM0\ARM_GCC_493\Debug\lls.o .\CortexM0\ARM_GCC_493\Debug\tps.o .\CortexM0\ARM_GCC_493\Debug\debug.o .\CortexM0\ARM_GCC_493\Debug\server.o .\CortexM0\ARM_GCC_493\Debug\cymetadata.o .\CortexM0\ARM_GCC_493\Debug\Cm0Start.o .\CortexM0\ARM_GCC_493\Debug\BLE_Proximity.a "C:\9047software\PSoC Creator\3.3\PSoC Creator\psoc\content\cycomponentlibrary\CyComponentLibrary.cylib\BLE_v3_10\Library\gccCyBLEStack_BLE_SOC_PERIPHERAL.a" "C:\9047software\PSoC Creator\3.3\PSoC Creator\psoc\content\cycomponentlibrary\CyComponentLibrary.cylib\CortexM0\ARM_GCC_493\Debug\CyComponentLibrary.a" -mcpu=cortex-m0 -mthumb -g -ffunction-sections -O0 -ffat-lto-objects -L Generated_Source\PSoC4 -Wl,-Map,.\CortexM0\ARM_GCC_493\Debug/BLE_Proximity.map -T Generated_Source\PSoC4\cm0gcc.ld -specs=nano.specs -Wl,--gc-sections -Wl,--end-group
cyelftool.exe -C C:\Users\sunyi\Desktop\BLE_Proximity\BLE_Proximity.cydsn\CortexM0\ARM_GCC_493\Debug\BLE_Proximity.elf --flash_row_size 128 --flash_size 131072
cyelftool.exe -S C:\Users\sunyi\Desktop\BLE_Proximity\BLE_Proximity.cydsn\CortexM0\ARM_GCC_493\Debug\BLE_Proximity.elf
Flash used: 90368 of 131072 bytes (68.9%).
SRAM used: 11592 of 16384 bytes (70.8%). Stack: 2048 bytes. Heap: 1024 bytes.
--------------- Build Succeeded: 07/16/2016 05:38:54 ---------------
