ARM GAS  C:\Users\sunyi\AppData\Local\Temp\cclzHkPJ.s 			page 1


   1              		.cpu cortex-m0
   2              		.fpu softvfp
   3              		.eabi_attribute 20, 1
   4              		.eabi_attribute 21, 1
   5              		.eabi_attribute 23, 3
   6              		.eabi_attribute 24, 1
   7              		.eabi_attribute 25, 1
   8              		.eabi_attribute 26, 1
   9              		.eabi_attribute 30, 6
  10              		.eabi_attribute 34, 0
  11              		.eabi_attribute 18, 4
  12              		.code	16
  13              		.file	"server.c"
  14              		.text
  15              	.Ltext0:
  16              		.cfi_sections	.debug_frame
  17              	.Letext0:
  18              		.section	.debug_line,"",%progbits
  19              	.Ldebug_line0:
  20              		.section	.debug_str,"MS",%progbits,1
  21              	.LASF0:
  22 0000 2E5C7365 		.ascii	".\\server.c\000"
  22      72766572 
  22      2E6300
  23              	.LASF1:
  24 000b 474E5520 		.ascii	"GNU C 4.9.3 20150303 (release) [ARM/embedded-4_9-br"
  24      4320342E 
  24      392E3320 
  24      32303135 
  24      30333033 
  25 003e 616E6368 		.ascii	"anch revision 221220] -mcpu=cortex-m0 -mthumb -g -O"
  25      20726576 
  25      6973696F 
  25      6E203232 
  25      31323230 
  26 0071 30202D66 		.ascii	"0 -ffunction-sections -ffat-lto-objects\000"
  26      66756E63 
  26      74696F6E 
  26      2D736563 
  26      74696F6E 
  27              	.LASF2:
  28 0099 433A5C55 		.ascii	"C:\\Users\\sunyi\\Desktop\\BLE_Proximity\\BLE_Proxi"
  28      73657273 
  28      5C73756E 
  28      79695C44 
  28      65736B74 
  29 00c7 6D697479 		.ascii	"mity.cydsn\000"
  29      2E637964 
  29      736E00
  30              		.ident	"GCC: (GNU Tools for ARM Embedded Processors) 4.9.3 20150303 (release) [ARM/embedded-4_9-br
